<?xml version="1.0" encoding="UTF-8"?>
<testsuite name="com.example.demo.DemoApplicationTests" tests="1" skipped="0" failures="0" errors="0" timestamp="2023-11-01T09:14:37" hostname="DESKTOP-2ALQPF7" time="0.818">
  <properties/>
  <testcase name="contextLoads()" classname="com.example.demo.DemoApplicationTests" time="0.818"/>
  <system-out><![CDATA[12:14:35.688 [Test worker] INFO org.springframework.test.context.support.AnnotationConfigContextLoaderUtils -- Could not detect default configuration classes for test class [com.example.demo.DemoApplicationTests]: DemoApplicationTests does not declare any static, non-private, non-final, nested classes annotated with @Configuration.
12:14:35.829 [Test worker] INFO org.springframework.boot.test.context.SpringBootTestContextBootstrapper -- Found @SpringBootConfiguration com.example.demo.DemoApplication for test class com.example.demo.DemoApplicationTests

  .   ____          _            __ _ _
 /\\ / ___'_ __ _ _(_)_ __  __ _ \ \ \ \
( ( )\___ | '_ | '_| | '_ \/ _` | \ \ \ \
 \\/  ___)| |_)| | | | | || (_| |  ) ) ) )
  '  |____| .__|_| |_|_| |_\__, | / / / /
 =========|_|==============|___/=/_/_/_/
 :: Spring Boot ::                (v3.1.5)

2023-11-01T12:14:36.326+03:00  INFO 18220 --- [    Test worker] com.example.demo.DemoApplicationTests    : Starting DemoApplicationTests using Java 19.0.1 with PID 18220 (started by Can in C:\Users\Can\Desktop\demo)
2023-11-01T12:14:36.328+03:00  INFO 18220 --- [    Test worker] com.example.demo.DemoApplicationTests    : No active profile set, falling back to 1 default profile: "default"
2023-11-01T12:14:37.620+03:00  INFO 18220 --- [    Test worker] com.example.demo.DemoApplicationTests    : Started DemoApplicationTests in 1.542 seconds (process running for 2.817)
]]></system-out>
  <system-err><![CDATA[]]></system-err>
</testsuite>
